<?xml version="1.0" encoding="UTF-8"?>
<!-- Generated by org.testng.reporters.JUnitReportReporter -->
<testsuite hostname="SPE" failures="0" tests="1" name="com.sevenmartsupermarket.tests.SubCategoryTest" time="9.296" errors="0" timestamp="2024-07-15T07:01:09 IST" skipped="0">
  <testcase classname="com.sevenmartsupermarket.tests.SubCategoryTest" name="verifySuccessfulNewCategoryAddition" time="9.296"/>
</testsuite> <!-- com.sevenmartsupermarket.tests.SubCategoryTest -->
