<?xml version="1.0" encoding="UTF-8"?>
<!-- Generated by org.testng.reporters.JUnitReportReporter -->
<testsuite hostname="SPE" failures="0" tests="1" name="com.sevenmartsupermarket.tests.AdminUserTest" time="17.360" errors="0" timestamp="2024-07-14T15:41:18 IST" skipped="0">
  <testcase classname="com.sevenmartsupermarket.tests.AdminUserTest" name="verifyAdminIsAbleToSearchUsers" time="17.360"/>
</testsuite> <!-- com.sevenmartsupermarket.tests.AdminUserTest -->
